<?xml version="1.0" encoding="UTF-8"?>
<testsuite xmlns:xsi="http://www.w3.org/2001/XMLSchema-instance" xsi:noNamespaceSchemaLocation="https://maven.apache.org/surefire/maven-surefire-plugin/xsd/surefire-test-report.xsd" name="iut.projets.trivialpursuit.AppTest" time="0.019" tests="1" errors="0" skipped="0" failures="0">
  <properties>
    <property name="sun.desktop" value="windows"/>
    <property name="awt.toolkit" value="sun.awt.windows.WToolkit"/>
    <property name="file.encoding.pkg" value="sun.io"/>
    <property name="java.specification.version" value="1.8"/>
    <property name="sun.cpu.isalist" value="amd64"/>
    <property name="sun.jnu.encoding" value="Cp1252"/>
    <property name="java.class.path" value="C:\Users\Clement\Documents\IUT\Projets\Projet-M3105-TrivialPursuit\target\test-classes;C:\Users\Clement\Documents\IUT\Projets\Projet-M3105-TrivialPursuit\target\classes;C:\Users\Clement\.m2\repository\junit\junit\4.11\junit-4.11.jar;C:\Users\Clement\.m2\repository\org\hamcrest\hamcrest-core\1.3\hamcrest-core-1.3.jar;"/>
    <property name="java.vm.vendor" value="JetBrains s.r.o"/>
    <property name="sun.arch.data.model" value="64"/>
    <property name="user.variant" value=""/>
    <property name="java.vendor.url" value="https://www.jetbrains.com/"/>
    <property name="user.timezone" value="Europe/Paris"/>
    <property name="java.vm.specification.version" value="1.8"/>
    <property name="os.name" value="Windows 10"/>
    <property name="user.country" value="FR"/>
    <property name="sun.java.launcher" value="SUN_STANDARD"/>
    <property name="sun.boot.library.path" value="C:\Program Files\Android\Android Studio 3.5.3\jre\jre\bin"/>
    <property name="sun.java.command" value="C:\Users\Clement\AppData\Local\Temp\surefire75824085415564274\surefirebooter7734710412892948852.jar C:\Users\Clement\AppData\Local\Temp\surefire75824085415564274 2021-10-27T16-35-40_831-jvmRun1 surefire5127203777584798709tmp surefire_07184041839503451098tmp"/>
    <property name="surefire.test.class.path" value="C:\Users\Clement\Documents\IUT\Projets\Projet-M3105-TrivialPursuit\target\test-classes;C:\Users\Clement\Documents\IUT\Projets\Projet-M3105-TrivialPursuit\target\classes;C:\Users\Clement\.m2\repository\junit\junit\4.11\junit-4.11.jar;C:\Users\Clement\.m2\repository\org\hamcrest\hamcrest-core\1.3\hamcrest-core-1.3.jar;"/>
    <property name="sun.cpu.endian" value="little"/>
    <property name="user.home" value="C:\Users\Clement"/>
    <property name="user.language" value="fr"/>
    <property name="java.specification.vendor" value="Oracle Corporation"/>
    <property name="java.home" value="C:\Program Files\Android\Android Studio 3.5.3\jre\jre"/>
    <property name="basedir" value="C:\Users\Clement\Documents\IUT\Projets\Projet-M3105-TrivialPursuit"/>
    <property name="file.separator" value="\"/>
    <property name="line.separator" value="&#10;"/>
    <property name="java.vm.specification.vendor" value="Oracle Corporation"/>
    <property name="java.specification.name" value="Java Platform API Specification"/>
    <property name="java.awt.graphicsenv" value="sun.awt.Win32GraphicsEnvironment"/>
    <property name="surefire.real.class.path" value="C:\Users\Clement\AppData\Local\Temp\surefire75824085415564274\surefirebooter7734710412892948852.jar"/>
    <property name="sun.boot.class.path" value="C:\Program Files\Android\Android Studio 3.5.3\jre\jre\lib\resources.jar;C:\Program Files\Android\Android Studio 3.5.3\jre\jre\lib\rt.jar;C:\Program Files\Android\Android Studio 3.5.3\jre\jre\lib\sunrsasign.jar;C:\Program Files\Android\Android Studio 3.5.3\jre\jre\lib\jsse.jar;C:\Program Files\Android\Android Studio 3.5.3\jre\jre\lib\jce.jar;C:\Program Files\Android\Android Studio 3.5.3\jre\jre\lib\charsets.jar;C:\Program Files\Android\Android Studio 3.5.3\jre\jre\lib\jfr.jar;C:\Program Files\Android\Android Studio 3.5.3\jre\jre\classes"/>
    <property name="user.script" value=""/>
    <property name="sun.management.compiler" value="HotSpot 64-Bit Tiered Compilers"/>
    <property name="java.runtime.version" value="1.8.0_202-release-1483-b03"/>
    <property name="user.name" value="Clement"/>
    <property name="path.separator" value=";"/>
    <property name="os.version" value="10.0"/>
    <property name="java.endorsed.dirs" value="C:\Program Files\Android\Android Studio 3.5.3\jre\jre\lib\endorsed"/>
    <property name="java.runtime.name" value="OpenJDK Runtime Environment"/>
    <property name="file.encoding" value="Cp1252"/>
    <property name="java.vm.name" value="OpenJDK 64-Bit Server VM"/>
    <property name="localRepository" value="C:\Users\Clement\.m2\repository"/>
    <property name="java.vendor.url.bug" value="https://youtrack.jetbrains.com"/>
    <property name="java.io.tmpdir" value="C:\Users\Clement\AppData\Local\Temp\"/>
    <property name="java.version" value="1.8.0_202-release"/>
    <property name="user.dir" value="C:\Users\Clement\Documents\IUT\Projets\Projet-M3105-TrivialPursuit"/>
    <property name="os.arch" value="amd64"/>
    <property name="java.vm.specification.name" value="Java Virtual Machine Specification"/>
    <property name="java.awt.printerjob" value="sun.awt.windows.WPrinterJob"/>
    <property name="sun.os.patch.level" value=""/>
    <property name="java.library.path" value="C:\Program Files\Android\Android Studio 3.5.3\jre\jre\bin;C:\WINDOWS\Sun\Java\bin;C:\WINDOWS\system32;C:\WINDOWS;C:\Windows\system32;C:\Windows;C:\Windows\System32\Wbem;C:\Windows\System32\WindowsPowerShell\v1.0\;C:\Windows\System32\OpenSSH\;C:\WINDOWS\system32;C:\WINDOWS;C:\WINDOWS\System32\Wbem;C:\WINDOWS\System32\WindowsPowerShell\v1.0\;C:\WINDOWS\System32\OpenSSH\;C:\Program Files\Git\cmd;C:\Program Files (x86)\NVIDIA Corporation\PhysX\Common;C:\Program Files\NVIDIA Corporation\NVIDIA NvDLISR;C:\Users\Clement\AppData\Local\Microsoft\WindowsApps;C:\Users\Clement\AppData\Local\Programs\Microsoft VS Code\bin;C:\Users\Clement\AppData\Local\GitHubDesktop\bin;C:\MinGW\bin;C:\Users\Clement\AppData\Local\Android\Sdk\platform-tools;C:\Users\Clement\AppData\Local\Android\Sdk\tools;C:\Users\Clement\Documents\IUT\Projets\GitHubDesktopPortable\App\GitHubDesktop\bin;C:\Program Files\NodeJS;C:\Program Files\jdk-16.0.2\bin;C:\Program Files\php;C:\Program Files\Maven\bin;;."/>
    <property name="java.vm.info" value="mixed mode"/>
    <property name="java.vendor" value="JetBrains s.r.o"/>
    <property name="java.vm.version" value="25.202-b03"/>
    <property name="java.ext.dirs" value="C:\Program Files\Android\Android Studio 3.5.3\jre\jre\lib\ext;C:\WINDOWS\Sun\Java\lib\ext"/>
    <property name="sun.io.unicode.encoding" value="UnicodeLittle"/>
    <property name="java.class.version" value="52.0"/>
  </properties>
  <testcase name="shouldAnswerWithTrue" classname="iut.projets.trivialpursuit.AppTest" time="0.001"/>
</testsuite>